2024-01-22 02:15:56,090 P1647 [INFO] ************************************************************
2024-01-22 02:15:56,090 P1647 [INFO] ConfigSet _OnInstanceBoot
2024-01-22 02:15:56,097 P1647 [INFO] ++++++++++++++++++++++++++++++++++++++++++++++++++++++++++++
2024-01-22 02:15:56,097 P1647 [INFO] Config AWSEBBaseConfig
2024-01-22 02:16:03,651 P1647 [INFO] ============================================================
2024-01-22 02:16:03,651 P1647 [INFO] Command clearbackupfiles
2024-01-22 02:16:03,684 P1647 [INFO] Completed successfully.
2024-01-22 02:16:03,690 P1647 [INFO] ++++++++++++++++++++++++++++++++++++++++++++++++++++++++++++
2024-01-22 02:16:03,690 P1647 [INFO] Config AWSEBCfnHupEndpointOverride
2024-01-22 02:16:03,697 P1647 [INFO] ============================================================
2024-01-22 02:16:03,697 P1647 [INFO] Command clearbackupfiles
2024-01-22 02:16:03,707 P1647 [INFO] Completed successfully.
2024-01-22 02:16:50,407 P2098 [INFO] ************************************************************
2024-01-22 02:16:50,407 P2098 [INFO] ConfigSet Infra-EmbeddedPreBuild
2024-01-22 02:16:50,409 P2098 [INFO] ++++++++++++++++++++++++++++++++++++++++++++++++++++++++++++
2024-01-22 02:16:50,409 P2098 [INFO] Config prebuild_0_react_docker_demo
2024-01-22 02:17:16,364 P2392 [INFO] ************************************************************
2024-01-22 02:17:16,364 P2392 [INFO] ConfigSet Infra-EmbeddedPostBuild
2024-01-22 02:44:46,334 P3655 [INFO] ************************************************************
2024-01-22 02:44:46,335 P3655 [INFO] ConfigSet Infra-EmbeddedPreBuild
