2024-01-22 02:15:56,066 [INFO] -----------------------Starting build-----------------------
2024-01-22 02:15:56,087 [INFO] Running configSets: _OnInstanceBoot
2024-01-22 02:15:56,090 [INFO] Running configSet _OnInstanceBoot
2024-01-22 02:15:56,097 [INFO] Running config AWSEBBaseConfig
2024-01-22 02:16:03,685 [INFO] Command clearbackupfiles succeeded
2024-01-22 02:16:03,690 [INFO] Running config AWSEBCfnHupEndpointOverride
2024-01-22 02:16:03,707 [INFO] Command clearbackupfiles succeeded
2024-01-22 02:16:03,709 [INFO] ConfigSets completed
2024-01-22 02:16:03,709 [INFO] -----------------------Build complete-----------------------
2024-01-22 02:16:50,397 [INFO] -----------------------Starting build-----------------------
2024-01-22 02:16:50,402 [INFO] Running configSets: Infra-EmbeddedPreBuild
2024-01-22 02:16:50,407 [INFO] Running configSet Infra-EmbeddedPreBuild
2024-01-22 02:16:50,409 [INFO] Running config prebuild_0_react_docker_demo
2024-01-22 02:16:50,410 [INFO] ConfigSets completed
2024-01-22 02:16:50,411 [INFO] -----------------------Build complete-----------------------
2024-01-22 02:17:16,356 [INFO] -----------------------Starting build-----------------------
2024-01-22 02:17:16,362 [INFO] Running configSets: Infra-EmbeddedPostBuild
2024-01-22 02:17:16,364 [INFO] Running configSet Infra-EmbeddedPostBuild
2024-01-22 02:17:16,364 [INFO] ConfigSets completed
2024-01-22 02:17:16,364 [INFO] -----------------------Build complete-----------------------
2024-01-22 02:44:46,323 [INFO] -----------------------Starting build-----------------------
2024-01-22 02:44:46,331 [INFO] Running configSets: Infra-EmbeddedPreBuild
2024-01-22 02:44:46,333 [INFO] Running configSet Infra-EmbeddedPreBuild
2024-01-22 02:44:46,335 [INFO] ConfigSets completed
2024-01-22 02:44:46,335 [INFO] -----------------------Build complete-----------------------
