2024-01-22 02:16:13,005 [DEBUG] CloudFormation client initialized with endpoint https://cloudformation.us-east-1.amazonaws.com
2024-01-22 02:16:13,006 [DEBUG] SQS client initialized with endpoint https://sqs.us-east-1.amazonaws.com
2024-01-22 02:16:13,006 [DEBUG] CloudFormation client initialized with endpoint https://cloudformation.us-east-1.amazonaws.com
2024-01-22 02:16:13,006 [DEBUG] Enabled single threading mode.
2024-01-22 02:16:13,006 [DEBUG] Creating /var/lib/cfn-hup/data
2024-01-22 02:16:13,015 [INFO] No umask value specified in config file. Using the default one: 0o22
2024-01-22 02:16:13,450 [INFO] Refreshing listener credentials
2024-01-22 02:16:13,552 [INFO] Scheduling next credential refresh in 1799.0 seconds
2024-01-22 02:16:48,652 [INFO] Received command ElasticBeanstalkCommand-AWSEBAutoScalingGroup (invocation id: 07acae2b-7b3c-47d3-9fb3-e5d5c4dd3709)
2024-01-22 02:16:48,652 [INFO] Running action for aws-eb-command-handler
2024-01-22 02:17:25,842 [INFO] Action for aws-eb-command-handler succeeded, returning SUCCESS
2024-01-22 02:21:26,707 [INFO] command processing is alive.
2024-01-22 02:26:27,489 [INFO] command processing is alive.
2024-01-22 02:31:28,314 [INFO] command processing is alive.
2024-01-22 02:36:29,165 [INFO] command processing is alive.
2024-01-22 02:41:29,953 [INFO] command processing is alive.
2024-01-22 02:44:44,422 [INFO] Received command ElasticBeanstalkCommand-AWSEBAutoScalingGroup (invocation id: 14306c5d-88e7-4ae7-bc7b-4e9a9f1bfad7)
2024-01-22 02:44:44,422 [INFO] Running action for aws-eb-command-handler
2024-01-22 02:44:47,908 [INFO] Action for aws-eb-command-handler succeeded, returning SUCCESS
2024-01-22 02:45:47,006 [INFO] Received command ElasticBeanstalkCommand-AWSEBAutoScalingGroup (invocation id: 5400e266-ef71-4387-b475-a1cddb1e7b9c)
2024-01-22 02:45:47,007 [INFO] Running action for aws-eb-command-handler
