[2024-01-22T02:15:54Z] Started EB User Data
+ SLEEP_TIME=2
+ SLEEP_TIME_MAX=3600
+ true
+ curl https://elasticbeanstalk-platform-assets-us-east-1.s3.amazonaws.com/stalks/eb_docker_amazon_linux_2023_1.0.340.0_20231216031808/lib/UserDataScript.sh
  % Total    % Received % Xferd  Average Speed   Time    Time     Time  Current
                                 Dload  Upload   Total   Spent    Left  Speed
  0     0    0     0    0     0      0      0 --:--:-- --:--:-- --:--:--     0100  4627  100  4627    0     0  30587      0 --:--:-- --:--:-- --:--:-- 30846
+ RESULT=0
+ [[ 0 -ne 0 ]]
+ /bin/bash /tmp/ebbootstrap.sh 'https://cloudformation-waitcondition-us-east-1.s3.amazonaws.com/arn%3Aaws%3Acloudformation%3Aus-east-1%3A730335255488%3Astack/awseb-e-eicqmwcpj3-stack/07d801e0-b8cc-11ee-ac46-0e0a2b54e6af/AWSEBInstanceLaunchWaitHandle?X-Amz-Algorithm=AWS4-HMAC-SHA256&X-Amz-Date=20240122T021458Z&X-Amz-SignedHeaders=host&X-Amz-Expires=86399&X-Amz-Credential=AKIA6L7Q4OWT3JRXU3BZ%2F20240122%2Fus-east-1%2Fs3%2Faws4_request&X-Amz-Signature=7fe67a8817b39131cd8c1a2a844dce0ffa8c0027475a599493b15410b665a763' arn:aws:cloudformation:us-east-1:730335255488:stack/awseb-e-eicqmwcpj3-stack/07d801e0-b8cc-11ee-ac46-0e0a2b54e6af 852efb2a-3a79-4708-b01c-6644240a358b https://elasticbeanstalk-health.us-east-1.amazonaws.com '' https://elasticbeanstalk-platform-assets-us-east-1.s3.amazonaws.com/stalks/eb_docker_amazon_linux_2023_1.0.340.0_20231216031808 us-east-1
[2024-01-22T02:15:54.755Z] Started EB Bootstrapping Script.
[2024-01-22T02:15:54.768Z] Received parameters:
 TARBALLS = 
 EB_GEMS = 
 SIGNAL_URL = https://cloudformation-waitcondition-us-east-1.s3.amazonaws.com/arn%3Aaws%3Acloudformation%3Aus-east-1%3A730335255488%3Astack/awseb-e-eicqmwcpj3-stack/07d801e0-b8cc-11ee-ac46-0e0a2b54e6af/AWSEBInstanceLaunchWaitHandle?X-Amz-Algorithm=AWS4-HMAC-SHA256&X-Amz-Date=20240122T021458Z&X-Amz-SignedHeaders=host&X-Amz-Expires=86399&X-Amz-Credential=AKIA6L7Q4OWT3JRXU3BZ%2F20240122%2Fus-east-1%2Fs3%2Faws4_request&X-Amz-Signature=7fe67a8817b39131cd8c1a2a844dce0ffa8c0027475a599493b15410b665a763
 STACK_ID = arn:aws:cloudformation:us-east-1:730335255488:stack/awseb-e-eicqmwcpj3-stack/07d801e0-b8cc-11ee-ac46-0e0a2b54e6af
 REGION = us-east-1
 GUID = 
 HEALTHD_GROUP_ID = 852efb2a-3a79-4708-b01c-6644240a358b
 HEALTHD_ENDPOINT = https://elasticbeanstalk-health.us-east-1.amazonaws.com
 PROXY_SERVER = 
 HEALTHD_PROXY_LOG_LOCATION = 
 PLATFORM_ASSETS_URL = https://elasticbeanstalk-platform-assets-us-east-1.s3.amazonaws.com/stalks/eb_docker_amazon_linux_2023_1.0.340.0_20231216031808
[2024-01-22T02:15:54.815Z] engine url is set to https://elasticbeanstalk-platform-assets-us-east-1.s3.amazonaws.com/stalks/eb_docker_amazon_linux_2023_1.0.340.0_20231216031808/lib/platform-engine.zip
[2024-01-22T02:15:54.821Z] first init of instance.
[2024-01-22T02:15:54.837Z] Started executing cfn_init _OnInstanceBoot.
[2024-01-22T02:15:54.841Z] Running cfn-init ConfigSet: _OnInstanceBoot.
[2024-01-22T02:15:54.848Z] Using stack-id from userdata
[2024-01-22T02:16:03.806Z] Command Returned: 
[2024-01-22T02:16:03.809Z] Completed executing cfn_init.
[2024-01-22T02:16:03.819Z] finished _OnInstanceBoot
--2024-01-22 02:16:03--  https://elasticbeanstalk-platform-assets-us-east-1.s3.amazonaws.com/stalks/eb_docker_amazon_linux_2023_1.0.340.0_20231216031808/lib/platform-engine.zip
Resolving elasticbeanstalk-platform-assets-us-east-1.s3.amazonaws.com (elasticbeanstalk-platform-assets-us-east-1.s3.amazonaws.com)... 52.216.209.89, 3.5.29.47, 52.217.4.92, ...
Connecting to elasticbeanstalk-platform-assets-us-east-1.s3.amazonaws.com (elasticbeanstalk-platform-assets-us-east-1.s3.amazonaws.com)|52.216.209.89|:443... connected.
HTTP request sent, awaiting response... 200 OK
Length: 26030196 (25M) [application/zip]
Saving to: ‘/tmp/platform-engine.zip’

     0K .......... .......... .......... .......... ..........  0% 9.23M 3s
    50K .......... .......... .......... .......... ..........  0% 17.0M 2s
   100K .......... .......... .......... .......... ..........  0% 14.3M 2s
   150K .......... .......... .......... .......... ..........  0% 4.47M 3s
   200K .......... .......... .......... .......... ..........  0%  278M 2s
   250K .......... .......... .......... .......... ..........  1%  252M 2s
   300K .......... .......... .......... .......... ..........  1%  261M 2s
   350K .......... .......... .......... .......... ..........  1%  285M 1s
   400K .......... .......... .......... .......... ..........  1% 5.26M 2s
   450K .......... .......... .......... .......... ..........  1%  263M 2s
   500K .......... .......... .......... .......... ..........  2%  208M 1s
   550K .......... .......... .......... .......... ..........  2% 8.70M 2s
   600K .......... .......... .......... .......... ..........  2%  294M 1s
   650K .......... .......... .......... .......... ..........  2%  283M 1s
   700K .......... .......... .......... .......... ..........  2% 12.6M 1s
   750K .......... .......... .......... .......... ..........  3%  184M 1s
   800K .......... .......... .......... .......... ..........  3% 11.9M 1s
   850K .......... .......... .......... .......... ..........  3%  271M 1s
   900K .......... .......... .......... .......... ..........  3%  278M 1s
   950K .......... .......... .......... .......... ..........  3%  284M 1s
  1000K .......... .......... .......... .......... ..........  4%  214M 1s
  1050K .......... .......... .......... .......... ..........  4%  259M 1s
  1100K .......... .......... .......... .......... ..........  4%  161M 1s
  1150K .......... .......... .......... .......... ..........  4%  261M 1s
  1200K .......... .......... .......... .......... ..........  4%  265M 1s
  1250K .......... .......... .......... .......... ..........  5%  236M 1s
  1300K .......... .......... .......... .......... ..........  5%  286M 1s
  1350K .......... .......... .......... .......... ..........  5%  154M 1s
  1400K .......... .......... .......... .......... ..........  5%  309M 1s
  1450K .......... .......... .......... .......... ..........  5%  324M 1s
  1500K .......... .......... .......... .......... ..........  6%  289M 1s
  1550K .......... .......... .......... .......... ..........  6%  213M 1s
  1600K .......... .......... .......... .......... ..........  6% 21.5M 1s
  1650K .......... .......... .......... .......... ..........  6%  274M 1s
  1700K .......... .......... .......... .......... ..........  6%  282M 1s
  1750K .......... .......... .......... .......... ..........  7% 1006K 1s
  1800K .......... .......... .......... .......... ..........  7%  225M 1s
  1850K .......... .......... .......... .......... ..........  7%  297M 1s
  1900K .......... .......... .......... .......... ..........  7%  270M 1s
  1950K .......... .......... .......... .......... ..........  7% 6.66M 1s
  2000K .......... .......... .......... .......... ..........  8%  228M 1s
  2050K .......... .......... .......... .......... ..........  8%  268M 1s
  2100K .......... .......... .......... .......... ..........  8%  283M 1s
  2150K .......... .......... .......... .......... ..........  8% 6.50M 1s
  2200K .......... .......... .......... .......... ..........  8%  267M 1s
  2250K .......... .......... .......... .......... ..........  9%  321M 1s
  2300K .......... .......... .......... .......... ..........  9%  313M 1s
  2350K .......... .......... .......... .......... ..........  9% 6.24M 1s
  2400K .......... .......... .......... .......... ..........  9% 15.9M 1s
  2450K .......... .......... .......... .......... ..........  9% 16.3M 1s
  2500K .......... .......... .......... .......... .......... 10% 15.8M 1s
  2550K .......... .......... .......... .......... .......... 10% 17.3M 1s
  2600K .......... .......... .......... .......... .......... 10% 50.1M 1s
  2650K .......... .......... .......... .......... .......... 10% 64.8M 1s
  2700K .......... .......... .......... .......... .......... 10% 55.4M 1s
  2750K .......... .......... .......... .......... .......... 11% 2.23M 1s
  2800K .......... .......... .......... .......... .......... 11% 17.0M 1s
  2850K .......... .......... .......... .......... .......... 11% 39.8M 1s
  2900K .......... .......... .......... .......... .......... 11% 10.6M 1s
  2950K .......... .......... .......... .......... .......... 11% 17.4M 1s
  3000K .......... .......... .......... .......... .......... 11% 15.8M 1s
  3050K .......... .......... .......... .......... .......... 12% 11.6M 1s
  3100K .......... .......... .......... .......... .......... 12% 4.38M 1s
  3150K .......... .......... .......... .......... .......... 12% 16.7M 1s
  3200K .......... .......... .......... .......... .......... 12% 16.3M 1s
  3250K .......... .......... .......... .......... .......... 12% 16.7M 1s
  3300K .......... .......... .......... .......... .......... 13% 4.42M 1s
  3350K .......... .......... .......... .......... .......... 13% 16.7M 1s
  3400K .......... .......... .......... .......... .......... 13% 13.1M 1s
  3450K .......... .......... .......... .......... .......... 13%  103M 1s
  3500K .......... .......... .......... .......... .......... 13% 3.83M 1s
  3550K .......... .......... .......... .......... .......... 14% 16.9M 1s
  3600K .......... .......... .......... .......... .......... 14% 14.0M 1s
  3650K .......... .......... .......... .......... .......... 14% 14.1M 1s
  3700K .......... .......... .......... .......... .......... 14% 16.8M 1s
  3750K .......... .......... .......... .......... .......... 14% 16.8M 1s
  3800K .......... .......... .......... .......... .......... 15% 3.48M 1s
  3850K .......... .......... .......... .......... .......... 15%  178M 1s
  3900K .......... .......... .......... .......... .......... 15%  248M 1s
  3950K .......... .......... .......... .......... .......... 15%  304M 1s
  4000K .......... .......... .......... .......... .......... 15%  310M 1s
  4050K .......... .......... .......... .......... .......... 16%  102M 1s
  4100K .......... .......... .......... .......... .......... 16%  155M 1s
  4150K .......... .......... .......... .......... .......... 16%  267M 1s
  4200K .......... .......... .......... .......... .......... 16%  231M 1s
  4250K .......... .......... .......... .......... .......... 16%  105M 1s
  4300K .......... .......... .......... .......... .......... 17%  259M 1s
  4350K .......... .......... .......... .......... .......... 17%  281M 1s
  4400K .......... .......... .......... .......... .......... 17%  259M 1s
  4450K .......... .......... .......... .......... .......... 17%  115M 1s
  4500K .......... .......... .......... .......... .......... 17%  236M 1s
  4550K .......... .......... .......... .......... .......... 18%  179M 1s
  4600K .......... .......... .......... .......... .......... 18%  249M 1s
  4650K .......... .......... .......... .......... .......... 18%  124M 1s
  4700K .......... .......... .......... .......... .......... 18%  118M 1s
  4750K .......... .......... .......... .......... .......... 18%  263M 1s
  4800K .......... .......... .......... .......... .......... 19%  173M 1s
  4850K .......... .......... .......... .......... .......... 19%  222M 1s
  4900K .......... .......... .......... .......... .......... 19%  260M 1s
  4950K .......... .......... .......... .......... .......... 19%  204M 1s
  5000K .......... .......... .......... .......... .......... 19%  255M 1s
  5050K .......... .......... .......... .......... .......... 20%  153M 1s
  5100K .......... .......... .......... .......... .......... 20%  275M 1s
  5150K .......... .......... .......... .......... .......... 20%  277M 1s
  5200K .......... .......... .......... .......... .......... 20%  118M 1s
  5250K .......... .......... .......... .......... .......... 20%  187M 1s
  5300K .......... .......... .......... .......... .......... 21%  198M 1s
  5350K .......... .......... .......... .......... .......... 21%  263M 1s
  5400K .......... .......... .......... .......... .......... 21%  187M 1s
  5450K .......... .......... .......... .......... .......... 21%  160M 1s
  5500K .......... .......... .......... .......... .......... 21% 61.7M 1s
  5550K .......... .......... .......... .......... .......... 22%  239M 1s
  5600K .......... .......... .......... .......... .......... 22%  554K 1s
  5650K .......... .......... .......... .......... .......... 22%  147M 1s
  5700K .......... .......... .......... .......... .......... 22%  289M 1s
  5750K .......... .......... .......... .......... .......... 22%  257M 1s
  5800K .......... .......... .......... .......... .......... 23%  273M 1s
  5850K .......... .......... .......... .......... .......... 23%  271M 1s
  5900K .......... .......... .......... .......... .......... 23%  267M 1s
  5950K .......... .......... .......... .......... .......... 23%  266M 1s
  6000K .......... .......... .......... .......... .......... 23%  267M 1s
  6050K .......... .......... .......... .......... .......... 23%  272M 1s
  6100K .......... .......... .......... .......... .......... 24%  186M 1s
  6150K .......... .......... .......... .......... .......... 24%  282M 1s
  6200K .......... .......... .......... .......... .......... 24%  190M 1s
  6250K .......... .......... .......... .......... .......... 24%  256M 1s
  6300K .......... .......... .......... .......... .......... 24%  272M 1s
  6350K .......... .......... .......... .......... .......... 25%  238M 1s
  6400K .......... .......... .......... .......... .......... 25%  250M 1s
  6450K .......... .......... .......... .......... .......... 25%  274M 1s
  6500K .......... .......... .......... .......... .......... 25%  290M 1s
  6550K .......... .......... .......... .......... .......... 25%  319M 1s
  6600K .......... .......... .......... .......... .......... 26%  289M 1s
  6650K .......... .......... .......... .......... .......... 26%  198M 1s
  6700K .......... .......... .......... .......... .......... 26%  261M 1s
  6750K .......... .......... .......... .......... .......... 26%  191M 1s
  6800K .......... .......... .......... .......... .......... 26%  221M 1s
  6850K .......... .......... .......... .......... .......... 27%  270M 1s
  6900K .......... .......... .......... .......... .......... 27%  261M 1s
  6950K .......... .......... .......... .......... .......... 27%  281M 1s
  7000K .......... .......... .......... .......... .......... 27%  266M 1s
  7050K .......... .......... .......... .......... .......... 27%  274M 1s
  7100K .......... .......... .......... .......... .......... 28%  115M 1s
  7150K .......... .......... .......... .......... .......... 28% 98.1M 1s
  7200K .......... .......... .......... .......... .......... 28%  124M 1s
  7250K .......... .......... .......... .......... .......... 28%  258M 1s
  7300K .......... .......... .......... .......... .......... 28%  239M 1s
  7350K .......... .......... .......... .......... .......... 29%  311M 1s
  7400K .......... .......... .......... .......... .......... 29%  281M 1s
  7450K .......... .......... .......... .......... .......... 29%  116M 1s
  7500K .......... .......... .......... .......... .......... 29%  170M 1s
  7550K .......... .......... .......... .......... .......... 29%  272M 1s
  7600K .......... .......... .......... .......... .......... 30%  211M 1s
  7650K .......... .......... .......... .......... .......... 30%  195M 1s
  7700K .......... .......... .......... .......... .......... 30%  265M 1s
  7750K .......... .......... .......... .......... .......... 30%  274M 1s
  7800K .......... .......... .......... .......... .......... 30%  294M 1s
  7850K .......... .......... .......... .......... .......... 31% 2.28M 1s
  7900K .......... .......... .......... .......... .......... 31% 59.4M 1s
  7950K .......... .......... .......... .......... .......... 31% 76.0M 1s
  8000K .......... .......... .......... .......... .......... 31% 68.6M 1s
  8050K .......... .......... .......... .......... .......... 31% 74.3M 1s
  8100K .......... .......... .......... .......... .......... 32% 63.3M 1s
  8150K .......... .......... .......... .......... .......... 32% 76.2M 1s
  8200K .......... .......... .......... .......... .......... 32% 72.3M 1s
  8250K .......... .......... .......... .......... .......... 32% 87.5M 1s
  8300K .......... .......... .......... .......... .......... 32% 70.8M 1s
  8350K .......... .......... .......... .......... .......... 33% 79.4M 1s
  8400K .......... .......... .......... .......... .......... 33% 75.5M 1s
  8450K .......... .......... .......... .......... .......... 33% 66.8M 1s
  8500K .......... .......... .......... .......... .......... 33% 4.54M 1s
  8550K .......... .......... .......... .......... .......... 33% 74.2M 1s
  8600K .......... .......... .......... .......... .......... 34% 68.5M 1s
  8650K .......... .......... .......... .......... .......... 34% 77.8M 1s
  8700K .......... .......... .......... .......... .......... 34% 48.0M 1s
  8750K .......... .......... .......... .......... .......... 34% 55.0M 1s
  8800K .......... .......... .......... .......... .......... 34% 75.5M 1s
  8850K .......... .......... .......... .......... .......... 35% 73.5M 1s
  8900K .......... .......... .......... .......... .......... 35% 43.1M 1s
  8950K .......... .......... .......... .......... .......... 35% 51.1M 1s
  9000K .......... .......... .......... .......... .......... 35% 76.4M 1s
  9050K .......... .......... .......... .......... .......... 35% 81.7M 1s
  9100K .......... .......... .......... .......... .......... 35% 89.6M 1s
  9150K .......... .......... .......... .......... .......... 36% 76.0M 1s
  9200K .......... .......... .......... .......... .......... 36% 67.0M 1s
  9250K .......... .......... .......... .......... .......... 36% 57.8M 1s
  9300K .......... .......... .......... .......... .......... 36% 78.6M 1s
  9350K .......... .......... .......... .......... .......... 36% 77.7M 1s
  9400K .......... .......... .......... .......... .......... 37% 74.6M 1s
  9450K .......... .......... .......... .......... .......... 37% 78.1M 1s
  9500K .......... .......... .......... .......... .......... 37% 89.1M 1s
  9550K .......... .......... .......... .......... .......... 37% 70.5M 1s
  9600K .......... .......... .......... .......... .......... 37% 69.0M 1s
  9650K .......... .......... .......... .......... .......... 38% 78.6M 1s
  9700K .......... .......... .......... .......... .......... 38% 76.4M 1s
  9750K .......... .......... .......... .......... .......... 38% 71.6M 1s
  9800K .......... .......... .......... .......... .......... 38% 78.0M 1s
  9850K .......... .......... .......... .......... .......... 38% 71.6M 1s
  9900K .......... .......... .......... .......... .......... 39% 4.47M 1s
  9950K .......... .......... .......... .......... .......... 39% 88.0M 1s
 10000K .......... .......... .......... .......... .......... 39% 80.1M 1s
 10050K .......... .......... .......... .......... .......... 39% 80.7M 1s
 10100K .......... .......... .......... .......... .......... 39% 80.6M 1s
 10150K .......... .......... .......... .......... .......... 40% 73.7M 1s
 10200K .......... .......... .......... .......... .......... 40% 78.9M 1s
 10250K .......... .......... .......... .......... .......... 40% 78.7M 1s
 10300K .......... .......... .......... .......... .......... 40% 79.4M 1s
 10350K .......... .......... .......... .......... .......... 40% 91.7M 1s
 10400K .......... .......... .......... .......... .......... 41% 51.2M 1s
 10450K .......... .......... .......... .......... .......... 41% 75.0M 1s
 10500K .......... .......... .......... .......... .......... 41% 78.6M 1s
 10550K .......... .......... .......... .......... .......... 41% 66.6M 1s
 10600K .......... .......... .......... .......... .......... 41% 80.1M 1s
 10650K .......... .......... .......... .......... .......... 42% 81.1M 1s
 10700K .......... .......... .......... .......... .......... 42% 74.9M 1s
 10750K .......... .......... .......... .......... .......... 42% 84.9M 1s
 10800K .......... .......... .......... .......... .......... 42% 85.5M 1s
 10850K .......... .......... .......... .......... .......... 42% 78.5M 1s
 10900K .......... .......... .......... .......... .......... 43% 76.7M 1s
 10950K .......... .......... .......... .......... .......... 43% 69.8M 1s
 11000K .......... .......... .......... .......... .......... 43% 79.4M 1s
 11050K .......... .......... .......... .......... .......... 43% 69.6M 1s
 11100K .......... .......... .......... .......... .......... 43% 80.4M 1s
 11150K .......... .......... .......... .......... .......... 44% 3.47M 1s
 11200K .......... .......... .......... .......... .......... 44% 80.6M 1s
 11250K .......... .......... .......... .......... .......... 44% 75.3M 1s
 11300K .......... .......... .......... .......... .......... 44% 77.4M 1s
 11350K .......... .......... .......... .......... .......... 44% 78.3M 1s
 11400K .......... .......... .......... .......... .......... 45% 77.3M 1s
 11450K .......... .......... .......... .......... .......... 45% 71.4M 1s
 11500K .......... .......... .......... .......... .......... 45% 74.4M 1s
 11550K .......... .......... .......... .......... .......... 45% 73.3M 1s
 11600K .......... .......... .......... .......... .......... 45% 80.8M 1s
 11650K .......... .......... .......... .......... .......... 46% 88.6M 1s
 11700K .......... .......... .......... .......... .......... 46% 75.8M 1s
 11750K .......... .......... .......... .......... .......... 46% 76.3M 1s
 11800K .......... .......... .......... .......... .......... 46% 72.0M 1s
 11850K .......... .......... .......... .......... .......... 46% 61.7M 1s
 11900K .......... .......... .......... .......... .......... 47% 14.4M 1s
 11950K .......... .......... .......... .......... .......... 47% 72.7M 1s
 12000K .......... .......... .......... .......... .......... 47% 6.32M 1s
 12050K .......... .......... .......... .......... .......... 47% 76.6M 1s
 12100K .......... .......... .......... .......... .......... 47% 76.0M 1s
 12150K .......... .......... .......... .......... .......... 47% 80.1M 1s
 12200K .......... .......... .......... .......... .......... 48% 79.8M 1s
 12250K .......... .......... .......... .......... .......... 48% 80.1M 1s
 12300K .......... .......... .......... .......... .......... 48% 69.2M 1s
 12350K .......... .......... .......... .......... .......... 48% 74.0M 1s
 12400K .......... .......... .......... .......... .......... 48% 67.6M 1s
 12450K .......... .......... .......... .......... .......... 49% 78.1M 1s
 12500K .......... .......... .......... .......... .......... 49% 93.2M 1s
 12550K .......... .......... .......... .......... .......... 49% 77.3M 1s
 12600K .......... .......... .......... .......... .......... 49% 76.5M 1s
 12650K .......... .......... .......... .......... .......... 49% 68.8M 1s
 12700K .......... .......... .......... .......... .......... 50% 63.5M 0s
 12750K .......... .......... .......... .......... .......... 50% 4.30M 1s
 12800K .......... .......... .......... .......... .......... 50% 78.8M 1s
 12850K .......... .......... .......... .......... .......... 50% 69.8M 0s
 12900K .......... .......... .......... .......... .......... 50% 62.7M 0s
 12950K .......... .......... .......... .......... .......... 51% 73.1M 0s
 13000K .......... .......... .......... .......... .......... 51% 26.7M 0s
 13050K .......... .......... .......... .......... .......... 51% 61.5M 0s
 13100K .......... .......... .......... .......... .......... 51% 69.1M 0s
 13150K .......... .......... .......... .......... .......... 51% 76.9M 0s
 13200K .......... .......... .......... .......... .......... 52% 61.1M 0s
 13250K .......... .......... .......... .......... .......... 52% 80.1M 0s
 13300K .......... .......... .......... .......... .......... 52% 77.4M 0s
 13350K .......... .......... .......... .......... .......... 52% 76.1M 0s
 13400K .......... .......... .......... .......... .......... 52% 76.0M 0s
 13450K .......... .......... .......... .......... .......... 53% 59.9M 0s
 13500K .......... .......... .......... .......... .......... 53% 74.8M 0s
 13550K .......... .......... .......... .......... .......... 53% 76.6M 0s
 13600K .......... .......... .......... .......... .......... 53% 76.6M 0s
 13650K .......... .......... .......... .......... .......... 53% 75.4M 0s
 13700K .......... .......... .......... .......... .......... 54% 63.6M 0s
 13750K .......... .......... .......... .......... .......... 54% 77.6M 0s
 13800K .......... .......... .......... .......... .......... 54% 74.1M 0s
 13850K .......... .......... .......... .......... .......... 54% 3.43M 0s
 13900K .......... .......... .......... .......... .......... 54% 78.9M 0s
 13950K .......... .......... .......... .......... .......... 55% 71.9M 0s
 14000K .......... .......... .......... .......... .......... 55% 59.1M 0s
 14050K .......... .......... .......... .......... .......... 55% 77.3M 0s
 14100K .......... .......... .......... .......... .......... 55% 77.1M 0s
 14150K .......... .......... .......... .......... .......... 55% 66.3M 0s
 14200K .......... .......... .......... .......... .......... 56% 90.1M 0s
 14250K .......... .......... .......... .......... .......... 56% 79.2M 0s
 14300K .......... .......... .......... .......... .......... 56% 66.3M 0s
 14350K .......... .......... .......... .......... .......... 56% 74.8M 0s
 14400K .......... .......... .......... .......... .......... 56% 77.4M 0s
 14450K .......... .......... .......... .......... .......... 57% 63.0M 0s
 14500K .......... .......... .......... .......... .......... 57% 78.2M 0s
 14550K .......... .......... .......... .......... .......... 57% 80.1M 0s
 14600K .......... .......... .......... .......... .......... 57% 60.0M 0s
 14650K .......... .......... .......... .......... .......... 57% 74.9M 0s
 14700K .......... .......... .......... .......... .......... 58% 55.1M 0s
 14750K .......... .......... .......... .......... .......... 58% 40.2M 0s
 14800K .......... .......... .......... .......... .......... 58% 75.2M 0s
 14850K .......... .......... .......... .......... .......... 58% 66.7M 0s
 14900K .......... .......... .......... .......... .......... 58% 69.9M 0s
 14950K .......... .......... .......... .......... .......... 59% 75.6M 0s
 15000K .......... .......... .......... .......... .......... 59% 76.6M 0s
 15050K .......... .......... .......... .......... .......... 59% 12.8M 0s
 15100K .......... .......... .......... .......... .......... 59% 76.3M 0s
 15150K .......... .......... .......... .......... .......... 59% 65.9M 0s
 15200K .......... .......... .......... .......... .......... 59%  203M 0s
 15250K .......... .......... .......... .......... .......... 60%  230M 0s
 15300K .......... .......... .......... .......... .......... 60%  174M 0s
 15350K .......... .......... .......... .......... .......... 60%  279M 0s
 15400K .......... .......... .......... .......... .......... 60%  287M 0s
 15450K .......... .......... .......... .......... .......... 60%  312M 0s
 15500K .......... .......... .......... .......... .......... 61%  204M 0s
 15550K .......... .......... .......... .......... .......... 61%  274M 0s
 15600K .......... .......... .......... .......... .......... 61%  270M 0s
 15650K .......... .......... .......... .......... .......... 61%  283M 0s
 15700K .......... .......... .......... .......... .......... 61%  163M 0s
 15750K .......... .......... .......... .......... .......... 62%  169M 0s
 15800K .......... .......... .......... .......... .......... 62%  269M 0s
 15850K .......... .......... .......... .......... .......... 62%  319M 0s
 15900K .......... .......... .......... .......... .......... 62%  309M 0s
 15950K .......... .......... .......... .......... .......... 62%  210M 0s
 16000K .......... .......... .......... .......... .......... 63%  135M 0s
 16050K .......... .......... .......... .......... .......... 63%  280M 0s
 16100K .......... .......... .......... .......... .......... 63%  277M 0s
 16150K .......... .......... .......... .......... .......... 63%  195M 0s
 16200K .......... .......... .......... .......... .......... 63%  277M 0s
 16250K .......... .......... .......... .......... .......... 64%  219M 0s
 16300K .......... .......... .......... .......... .......... 64%  275M 0s
 16350K .......... .......... .......... .......... .......... 64%  289M 0s
 16400K .......... .......... .......... .......... .......... 64%  284M 0s
 16450K .......... .......... .......... .......... .......... 64%  287M 0s
 16500K .......... .......... .......... .......... .......... 65%  200M 0s
 16550K .......... .......... .......... .......... .......... 65%  220M 0s
 16600K .......... .......... .......... .......... .......... 65%  178M 0s
 16650K .......... .......... .......... .......... .......... 65%  285M 0s
 16700K .......... .......... .......... .......... .......... 65%  264M 0s
 16750K .......... .......... .......... .......... .......... 66%  183M 0s
 16800K .......... .......... .......... .......... .......... 66%  254M 0s
 16850K .......... .......... .......... .......... .......... 66%  254M 0s
 16900K .......... .......... .......... .......... .......... 66% 4.27M 0s
 16950K .......... .......... .......... .......... .......... 66% 62.3M 0s
 17000K .......... .......... .......... .......... .......... 67% 9.47M 0s
 17050K .......... .......... .......... .......... .......... 67% 9.69M 0s
 17100K .......... .......... .......... .......... .......... 67% 25.8M 0s
 17150K .......... .......... .......... .......... .......... 67% 39.1M 0s
 17200K .......... .......... .......... .......... .......... 67% 74.4M 0s
 17250K .......... .......... .......... .......... .......... 68% 33.0M 0s
 17300K .......... .......... .......... .......... .......... 68% 66.4M 0s
 17350K .......... .......... .......... .......... .......... 68% 65.3M 0s
 17400K .......... .......... .......... .......... .......... 68% 63.6M 0s
 17450K .......... .......... .......... .......... .......... 68% 74.6M 0s
 17500K .......... .......... .......... .......... .......... 69% 13.5M 0s
 17550K .......... .......... .......... .......... .......... 69% 42.2M 0s
 17600K .......... .......... .......... .......... .......... 69% 19.7M 0s
 17650K .......... .......... .......... .......... .......... 69% 65.2M 0s
 17700K .......... .......... .......... .......... .......... 69% 77.6M 0s
 17750K .......... .......... .......... .......... .......... 70% 43.9M 0s
 17800K .......... .......... .......... .......... .......... 70% 63.5M 0s
 17850K .......... .......... .......... .......... .......... 70% 73.2M 0s
 17900K .......... .......... .......... .......... .......... 70% 5.26M 0s
 17950K .......... .......... .......... .......... .......... 70% 65.6M 0s
 18000K .......... .......... .......... .......... .......... 71% 81.0M 0s
 18050K .......... .......... .......... .......... .......... 71% 75.8M 0s
 18100K .......... .......... .......... .......... .......... 71% 53.7M 0s
 18150K .......... .......... .......... .......... .......... 71% 59.3M 0s
 18200K .......... .......... .......... .......... .......... 71% 76.4M 0s
 18250K .......... .......... .......... .......... .......... 71% 79.8M 0s
 18300K .......... .......... .......... .......... .......... 72% 70.4M 0s
 18350K .......... .......... .......... .......... .......... 72% 81.6M 0s
 18400K .......... .......... .......... .......... .......... 72% 74.6M 0s
 18450K .......... .......... .......... .......... .......... 72% 76.3M 0s
 18500K .......... .......... .......... .......... .......... 72% 65.7M 0s
 18550K .......... .......... .......... .......... .......... 73% 8.12M 0s
 18600K .......... .......... .......... .......... .......... 73% 65.1M 0s
 18650K .......... .......... .......... .......... .......... 73% 81.7M 0s
 18700K .......... .......... .......... .......... .......... 73% 55.9M 0s
 18750K .......... .......... .......... .......... .......... 73% 79.8M 0s
 18800K .......... .......... .......... .......... .......... 74% 82.2M 0s
 18850K .......... .......... .......... .......... .......... 74% 63.0M 0s
 18900K .......... .......... .......... .......... .......... 74% 34.4M 0s
 18950K .......... .......... .......... .......... .......... 74% 86.2M 0s
 19000K .......... .......... .......... .......... .......... 74% 5.09M 0s
 19050K .......... .......... .......... .......... .......... 75% 76.1M 0s
 19100K .......... .......... .......... .......... .......... 75% 70.3M 0s
 19150K .......... .......... .......... .......... .......... 75% 80.9M 0s
 19200K .......... .......... .......... .......... .......... 75% 83.9M 0s
 19250K .......... .......... .......... .......... .......... 75% 84.6M 0s
 19300K .......... .......... .......... .......... .......... 76% 74.5M 0s
 19350K .......... .......... .......... .......... .......... 76% 84.9M 0s
 19400K .......... .......... .......... .......... .......... 76% 74.3M 0s
 19450K .......... .......... .......... .......... .......... 76% 82.7M 0s
 19500K .......... .......... .......... .......... .......... 76% 72.1M 0s
 19550K .......... .......... .......... .......... .......... 77% 88.7M 0s
 19600K .......... .......... .......... .......... .......... 77% 87.7M 0s
 19650K .......... .......... .......... .......... .......... 77% 59.8M 0s
 19700K .......... .......... .......... .......... .......... 77% 74.3M 0s
 19750K .......... .......... .......... .......... .......... 77% 82.4M 0s
 19800K .......... .......... .......... .......... .......... 78% 76.9M 0s
 19850K .......... .......... .......... .......... .......... 78% 80.9M 0s
 19900K .......... .......... .......... .......... .......... 78% 5.24M 0s
 19950K .......... .......... .......... .......... .......... 78% 83.7M 0s
 20000K .......... .......... .......... .......... .......... 78% 82.2M 0s
 20050K .......... .......... .......... .......... .......... 79% 82.4M 0s
 20100K .......... .......... .......... .......... .......... 79% 72.4M 0s
 20150K .......... .......... .......... .......... .......... 79% 85.9M 0s
 20200K .......... .......... .......... .......... .......... 79% 84.1M 0s
 20250K .......... .......... .......... .......... .......... 79% 83.2M 0s
 20300K .......... .......... .......... .......... .......... 80% 69.3M 0s
 20350K .......... .......... .......... .......... .......... 80% 88.8M 0s
 20400K .......... .......... .......... .......... .......... 80% 88.1M 0s
 20450K .......... .......... .......... .......... .......... 80% 83.3M 0s
 20500K .......... .......... .......... .......... .......... 80% 75.1M 0s
 20550K .......... .......... .......... .......... .......... 81% 71.5M 0s
 20600K .......... .......... .......... .......... .......... 81% 87.1M 0s
 20650K .......... .......... .......... .......... .......... 81% 83.2M 0s
 20700K .......... .......... .......... .......... .......... 81% 37.7M 0s
 20750K .......... .......... .......... .......... .......... 81% 5.00M 0s
 20800K .......... .......... .......... .......... .......... 82% 83.1M 0s
 20850K .......... .......... .......... .......... .......... 82% 83.7M 0s
 20900K .......... .......... .......... .......... .......... 82% 76.3M 0s
 20950K .......... .......... .......... .......... .......... 82% 88.7M 0s
 21000K .......... .......... .......... .......... .......... 82% 87.8M 0s
 21050K .......... .......... .......... .......... .......... 83% 73.8M 0s
 21100K .......... .......... .......... .......... .......... 83% 63.5M 0s
 21150K .......... .......... .......... .......... .......... 83% 85.0M 0s
 21200K .......... .......... .......... .......... .......... 83% 84.7M 0s
 21250K .......... .......... .......... .......... .......... 83% 88.4M 0s
 21300K .......... .......... .......... .......... .......... 83% 75.5M 0s
 21350K .......... .......... .......... .......... .......... 84% 85.4M 0s
 21400K .......... .......... .......... .......... .......... 84% 86.0M 0s
 21450K .......... .......... .......... .......... .......... 84% 61.9M 0s
 21500K .......... .......... .......... .......... .......... 84% 49.7M 0s
 21550K .......... .......... .......... .......... .......... 84% 4.58M 0s
 21600K .......... .......... .......... .......... .......... 85% 84.6M 0s
 21650K .......... .......... .......... .......... .......... 85% 83.7M 0s
 21700K .......... .......... .......... .......... .......... 85% 74.8M 0s
 21750K .......... .......... .......... .......... .......... 85% 85.0M 0s
 21800K .......... .......... .......... .......... .......... 85%  150M 0s
 21850K .......... .......... .......... .......... .......... 86%  345M 0s
 21900K .......... .......... .......... .......... .......... 86%  265M 0s
 21950K .......... .......... .......... .......... .......... 86%  338M 0s
 22000K .......... .......... .......... .......... .......... 86%  333M 0s
 22050K .......... .......... .......... .......... .......... 86%  243M 0s
 22100K .......... .......... .......... .......... .......... 87%  294M 0s
 22150K .......... .......... .......... .......... .......... 87%  297M 0s
 22200K .......... .......... .......... .......... .......... 87%  313M 0s
 22250K .......... .......... .......... .......... .......... 87%  335M 0s
 22300K .......... .......... .......... .......... .......... 87%  270M 0s
 22350K .......... .......... .......... .......... .......... 88%  330M 0s
 22400K .......... .......... .......... .......... .......... 88%  297M 0s
 22450K .......... .......... .......... .......... .......... 88%  337M 0s
 22500K .......... .......... .......... .......... .......... 88%  302M 0s
 22550K .......... .......... .......... .......... .......... 88%  303M 0s
 22600K .......... .......... .......... .......... .......... 89%  326M 0s
 22650K .......... .......... .......... .......... .......... 89%  338M 0s
 22700K .......... .......... .......... .......... .......... 89%  273M 0s
 22750K .......... .......... .......... .......... .......... 89%  334M 0s
 22800K .......... .......... .......... .......... .......... 89%  322M 0s
 22850K .......... .......... .......... .......... .......... 90%  296M 0s
 22900K .......... .......... .......... .......... .......... 90%  297M 0s
 22950K .......... .......... .......... .......... .......... 90%  307M 0s
 23000K .......... .......... .......... .......... .......... 90%  339M 0s
 23050K .......... .......... .......... .......... .......... 90%  331M 0s
 23100K .......... .......... .......... .......... .......... 91%  283M 0s
 23150K .......... .......... .......... .......... .......... 91%  341M 0s
 23200K .......... .......... .......... .......... .......... 91%  340M 0s
 23250K .......... .......... .......... .......... .......... 91%  340M 0s
 23300K .......... .......... .......... .......... .......... 91%  305M 0s
 23350K .......... .......... .......... .......... .......... 92%  295M 0s
 23400K .......... .......... .......... .......... .......... 92%  312M 0s
 23450K .......... .......... .......... .......... .......... 92%  337M 0s
 23500K .......... .......... .......... .......... .......... 92%  253M 0s
 23550K .......... .......... .......... .......... .......... 92%  324M 0s
 23600K .......... .......... .......... .......... .......... 93%  326M 0s
 23650K .......... .......... .......... .......... .......... 93%  344M 0s
 23700K .......... .......... .......... .......... .......... 93%  280M 0s
 23750K .......... .......... .......... .......... .......... 93%  192M 0s
 23800K .......... .......... .......... .......... .......... 93%  292M 0s
 23850K .......... .......... .......... .......... .......... 94%  278M 0s
 23900K .......... .......... .......... .......... .......... 94% 75.3M 0s
 23950K .......... .......... .......... .......... .......... 94% 60.7M 0s
 24000K .......... .......... .......... .......... .......... 94% 1.71M 0s
 24050K .......... .......... .......... .......... .......... 94%  272M 0s
 24100K .......... .......... .......... .......... .......... 95%  213M 0s
 24150K .......... .......... .......... .......... .......... 95%  229M 0s
 24200K .......... .......... .......... .......... .......... 95%  242M 0s
 24250K .......... .......... .......... .......... .......... 95% 76.4M 0s
 24300K .......... .......... .......... .......... .......... 95% 70.0M 0s
 24350K .......... .......... .......... .......... .......... 95%  243M 0s
 24400K .......... .......... .......... .......... .......... 96%  267M 0s
 24450K .......... .......... .......... .......... .......... 96%  252M 0s
 24500K .......... .......... .......... .......... .......... 96%  237M 0s
 24550K .......... .......... .......... .......... .......... 96%  251M 0s
 24600K .......... .......... .......... .......... .......... 96%  191M 0s
 24650K .......... .......... .......... .......... .......... 97%  252M 0s
 24700K .......... .......... .......... .......... .......... 97%  187M 0s
 24750K .......... .......... .......... .......... .......... 97%  264M 0s
 24800K .......... .......... .......... .......... .......... 97%  329M 0s
 24850K .......... .......... .......... .......... .......... 97%  291M 0s
 24900K .......... .......... .......... .......... .......... 98%  294M 0s
 24950K .......... .......... .......... .......... .......... 98%  308M 0s
 25000K .......... .......... .......... .......... .......... 98%  299M 0s
 25050K .......... .......... .......... .......... .......... 98%  284M 0s
 25100K .......... .......... .......... .......... .......... 98%  258M 0s
 25150K .......... .......... .......... .......... .......... 99%  317M 0s
 25200K .......... .......... .......... .......... .......... 99%  315M 0s
 25250K .......... .......... .......... .......... .......... 99%  318M 0s
 25300K .......... .......... .......... .......... .......... 99%  288M 0s
 25350K .......... .......... .......... .......... .......... 99%  177M 0s
 25400K .......... ..........                                 100%  309M=0.8s

2024-01-22 02:16:05 (32.7 MB/s) - ‘/tmp/platform-engine.zip’ saved [26030196/26030196]

Archive:  /tmp/platform-engine.zip
  inflating: /opt/elasticbeanstalk/bin/platform-engine  
  inflating: /opt/elasticbeanstalk/bin/publishlogs  
  inflating: /opt/elasticbeanstalk/bin/get-config  
  inflating: /opt/elasticbeanstalk/bin/ebdockerstart  
  inflating: /opt/elasticbeanstalk/config/private/aws-eb-command-handler.conf  
  inflating: /opt/elasticbeanstalk/config/private/cfn-hup-wrapper  
  inflating: /opt/elasticbeanstalk/config/private/cfn-hup.conf.template  
  inflating: /opt/elasticbeanstalk/config/private/containercommandsupport/container-defaults.sh  
  inflating: /opt/elasticbeanstalk/config/private/containercommandsupport/leader-test.sh  
  inflating: /opt/elasticbeanstalk/config/private/eb-banner.template  
  inflating: /opt/elasticbeanstalk/config/private/guidlocking/repo.py  
  inflating: /opt/elasticbeanstalk/config/private/healthd/config.yaml.template  
  inflating: /opt/elasticbeanstalk/config/private/healthd/healthd_httpd.conf  
  inflating: /opt/elasticbeanstalk/config/private/healthd/healthd_logformat.conf  
  inflating: /opt/elasticbeanstalk/config/private/healthd/healthd_nginx.conf  
  inflating: /opt/elasticbeanstalk/config/private/healthd/logcleanup-cron.template  
  inflating: /opt/elasticbeanstalk/config/private/healthd/healthddependency  
  inflating: /opt/elasticbeanstalk/config/private/httpd/applicationport.conf.template  
  inflating: /opt/elasticbeanstalk/config/private/httpd/gzip.conf  
  inflating: /opt/elasticbeanstalk/config/private/httpd/staticfilesmapping.conf.template  
  inflating: /opt/elasticbeanstalk/config/private/httpd/httpd.conf.template  
  inflating: /opt/elasticbeanstalk/config/private/logrotate/logrotate-cron.template  
  inflating: /opt/elasticbeanstalk/config/private/logrotate/logrotate.template  
  inflating: /opt/elasticbeanstalk/config/private/logtasks/cron/publishlogs  
  inflating: /opt/elasticbeanstalk/config/private/nginx/applicationport.conf.template  
  inflating: /opt/elasticbeanstalk/config/private/nginx/nginx.conf.template  
  inflating: /opt/elasticbeanstalk/config/private/nginx/staticfilesmapping.conf.template  
  inflating: /opt/elasticbeanstalk/config/private/nginx/elasticbeanstalk-nginx-docker-upstream.template  
  inflating: /opt/elasticbeanstalk/config/private/nginx/nginx.template  
  inflating: /opt/elasticbeanstalk/config/private/python/sitecustomize.py  
 extracting: /opt/elasticbeanstalk/config/private/restartcfn.sh  
  inflating: /opt/elasticbeanstalk/config/private/restartcloudwatchagent.sh  
  inflating: /opt/elasticbeanstalk/config/private/rsyslog.conf.template  
  inflating: /opt/elasticbeanstalk/config/private/ruby_common_env  
  inflating: /opt/elasticbeanstalk/config/private/sqsd/default.yaml.template  
  inflating: /opt/elasticbeanstalk/config/private/sqsd/sqsdversion.json  
  inflating: /opt/elasticbeanstalk/config/private/systemd-append.template  
 extracting: /opt/elasticbeanstalk/config/private/aws-eb.target  
  inflating: /opt/elasticbeanstalk/config/private/systemd.template  
  inflating: /opt/elasticbeanstalk/config/private/docker-log.conf  
  inflating: /opt/elasticbeanstalk/config/private/docker-rsyslog.conf  
  inflating: /opt/elasticbeanstalk/config/private/docker.logrotate.conf.template  
 extracting: /opt/elasticbeanstalk/config/private/dockerfile.template  
  inflating: /opt/elasticbeanstalk/config/private/eb-docker-compose-log-start  
  inflating: /opt/elasticbeanstalk/config/private/eb-docker-log-start  
 extracting: /opt/elasticbeanstalk/config/private/eb-docker-log-stop  
  inflating: /opt/elasticbeanstalk/config/private/eb-docker-stop  
  inflating: /opt/elasticbeanstalk/config/private/beanstalk-magic  
  inflating: /opt/elasticbeanstalk/tasks/bundlelogs.d/cfn-system.conf  
 extracting: /opt/elasticbeanstalk/tasks/bundlelogs.d/cloud-init-system.conf  
  inflating: /opt/elasticbeanstalk/tasks/bundlelogs.d/eb-app.conf  
 extracting: /opt/elasticbeanstalk/tasks/bundlelogs.d/eb-hooks.conf  
  inflating: /opt/elasticbeanstalk/tasks/bundlelogs.d/eb-system.conf  
 extracting: /opt/elasticbeanstalk/tasks/bundlelogs.d/rotate.conf  
  inflating: /opt/elasticbeanstalk/tasks/bundlelogs.d/system.conf  
 extracting: /opt/elasticbeanstalk/tasks/publishlogs.d/eb-app.conf  
  inflating: /opt/elasticbeanstalk/tasks/taillogs.d/eb-app.conf  
  inflating: /opt/elasticbeanstalk/tasks/taillogs.d/eb-engine.conf  
[2024-01-22T02:16:22.360Z] Successfully bootstrapped instance.
[2024-01-22T02:16:22.364Z] Sending signal 0 to CFN wait condition https://cloudformation-waitcondition-us-east-1.s3.amazonaws.com/arn%3Aaws%3Acloudformation%3Aus-east-1%3A730335255488%3Astack/awseb-e-eicqmwcpj3-stack/07d801e0-b8cc-11ee-ac46-0e0a2b54e6af/AWSEBInstanceLaunchWaitHandle?X-Amz-Algorithm=AWS4-HMAC-SHA256&X-Amz-Date=20240122T021458Z&X-Amz-SignedHeaders=host&X-Amz-Expires=86399&X-Amz-Credential=AKIA6L7Q4OWT3JRXU3BZ%2F20240122%2Fus-east-1%2Fs3%2Faws4_request&X-Amz-Signature=7fe67a8817b39131cd8c1a2a844dce0ffa8c0027475a599493b15410b665a763
CloudFormation signaled successfully with status SUCCESS
[2024-01-22T02:16:22.723Z] Tailing /var/log/eb-commandprocessor.log

******************* eb-commandprocessor taillog *******************
***eb-commandprocessor is not available yet.***
******************* End of taillog *******************


[2024-01-22T02:16:22.726Z] Tailing /var/log/eb-activity.log

******************* eb-activity taillog *******************
***eb-activity is not available yet.***
******************* End of taillog *******************


[2024-01-22T02:16:22.729Z] Tailing /var/log/eb-tools.log

******************* eb-tools taillog *******************
***eb-tools is not available yet.***
******************* End of taillog *******************


[2024-01-22T02:16:22.731Z] Tailing /var/log/eb-version-deployment.log

******************* eb-version-deployment taillog *******************
***eb-version-deployment is not available yet.***
******************* End of taillog *******************


[2024-01-22T02:16:22.734Z] Tailing /var/log/cfn-init.log

******************* cfn-init taillog *******************
2024-01-22 02:15:56,066 [INFO] -----------------------Starting build-----------------------
2024-01-22 02:15:56,087 [INFO] Running configSets: _OnInstanceBoot
2024-01-22 02:15:56,090 [INFO] Running configSet _OnInstanceBoot
2024-01-22 02:15:56,097 [INFO] Running config AWSEBBaseConfig
2024-01-22 02:16:03,685 [INFO] Command clearbackupfiles succeeded
2024-01-22 02:16:03,690 [INFO] Running config AWSEBCfnHupEndpointOverride
2024-01-22 02:16:03,707 [INFO] Command clearbackupfiles succeeded
2024-01-22 02:16:03,709 [INFO] ConfigSets completed
2024-01-22 02:16:03,709 [INFO] -----------------------Build complete-----------------------
******************* End of taillog *******************


[2024-01-22T02:16:22.737Z] Tailing /var/log/cfn-hup.log

******************* cfn-hup taillog *******************
2024-01-22 02:16:13,005 [DEBUG] CloudFormation client initialized with endpoint https://cloudformation.us-east-1.amazonaws.com
2024-01-22 02:16:13,006 [DEBUG] SQS client initialized with endpoint https://sqs.us-east-1.amazonaws.com
2024-01-22 02:16:13,006 [DEBUG] CloudFormation client initialized with endpoint https://cloudformation.us-east-1.amazonaws.com
2024-01-22 02:16:13,006 [DEBUG] Enabled single threading mode.
2024-01-22 02:16:13,006 [DEBUG] Creating /var/lib/cfn-hup/data
2024-01-22 02:16:13,015 [INFO] No umask value specified in config file. Using the default one: 0o22
2024-01-22 02:16:13,450 [INFO] Refreshing listener credentials
2024-01-22 02:16:13,552 [INFO] Scheduling next credential refresh in 1799.0 seconds
******************* End of taillog *******************


[2024-01-22T02:16:22.740Z] Completed EB Bootstrapping Script.
+ RESULT=0
+ [[ 0 -ne 0 ]]
+ exit 0
